<?xml version="1.0" encoding="UTF-8"?>
<!-- Generated by org.testng.reporters.JUnitXMLReporter -->
<testsuite ignored="0" hostname="LAPTOP-EUBP25UQ" failures="0" tests="3" name="Default test" time="0.059" errors="0" timestamp="2022-09-29T22:13:59 IST">
  <testcase classname="Test.HomePageTest" name="@BeforeSuite start" time="-1.664469839125E9">
    <failure type="org.testng.TestNGException" message="
Parameter &amp;apos;browser&amp;apos; is required by BeforeSuite on method start but has not been marked @Optional or defined
in C:\Users\Akash Kare\AppData\Local\Temp\testng-eclipse--1494813862\testng-customsuite.xml">
      <![CDATA[org.testng.TestNGException: 
Parameter 'browser' is required by BeforeSuite on method start but has not been marked @Optional or defined
in C:\Users\Akash Kare\AppData\Local\Temp\testng-eclipse--1494813862\testng-customsuite.xml
at org.testng.internal.Parameters.createParams(Parameters.java:270)
at org.testng.internal.Parameters.createParametersForMethod(Parameters.java:358)
at org.testng.internal.Parameters.createParameters(Parameters.java:700)
at org.testng.internal.Parameters.createConfigurationParameters(Parameters.java:168)
at org.testng.internal.ConfigInvoker.invokeConfigurations(ConfigInvoker.java:302)
at org.testng.SuiteRunner.privateRun(SuiteRunner.java:317)
at org.testng.SuiteRunner.run(SuiteRunner.java:276)
at org.testng.SuiteRunnerWorker.runSuite(SuiteRunnerWorker.java:53)
at org.testng.SuiteRunnerWorker.run(SuiteRunnerWorker.java:96)
at org.testng.TestNG.runSuitesSequentially(TestNG.java:1212)
at org.testng.TestNG.runSuitesLocally(TestNG.java:1134)
at org.testng.TestNG.runSuites(TestNG.java:1063)
at org.testng.TestNG.run(TestNG.java:1031)
at org.testng.remote.AbstractRemoteTestNG.run(AbstractRemoteTestNG.java:115)
at org.testng.remote.RemoteTestNG.initAndRun(RemoteTestNG.java:251)
at org.testng.remote.RemoteTestNG.main(RemoteTestNG.java:77)
]]>
    </failure>
  </testcase> <!-- @BeforeSuite start -->
  <testcase classname="Test.HomePageTest" name="@BeforeClass initObjs" time="-1.664469839155E9">
    <skipped/>
  </testcase> <!-- @BeforeClass initObjs -->
  <testcase classname="Test.HomePageTest" name="@AfterClass closeBrowser" time="-1.664469839192E9">
    <skipped/>
  </testcase> <!-- @AfterClass closeBrowser -->
  <testcase classname="Test.HomePageTest" name="urlTest" time="0.0">
    <skipped/>
  </testcase> <!-- urlTest -->
  <testcase classname="Test.HomePageTest" name="logoTest" time="0.0">
    <skipped/>
  </testcase> <!-- logoTest -->
  <testcase classname="Test.HomePageTest" name="searchFieldTest" time="0.0">
    <skipped/>
  </testcase> <!-- searchFieldTest -->
</testsuite> <!-- Default test -->
